Semester3/Android/PW4/PermissionExampleBoom1/app/build/intermediates/manifest_merge_blame_file/debug/manifest-merger-blame-debug-report.txt
1<?xml version="1.0" encoding="utf-8"?>
2<manifest xmlns:android="http://schemas.android.com/apk/res/android"
3    package="course.examples.permissionexample.boom"
4    android:versionCode="1"
5    android:versionName="1.0" >
6
7    <uses-sdk
7-->src\main\AndroidManifest.xml:7:5-47
8        android:minSdkVersion="25"
8-->src\main\AndroidManifest.xml:7:5-47
9        android:targetSdkVersion="29" />
9-->src\main\AndroidManifest.xml:7:15-44
10
11    <permission
11-->src\main\AndroidManifest.xml:9:5-13:18
12        android:name="course.examples.permissionexample.BOOM_PERM"
12-->src\main\AndroidManifest.xml:10:9-67
13        android:description="@string/boom_perm_string"
13-->src\main\AndroidManifest.xml:11:9-55
14        android:label="@string/boom_permission_label_string" >
14-->src\main\AndroidManifest.xml:12:9-61
15    </permission>
16
17    <application
17-->src\main\AndroidManifest.xml:15:5-34:19
18        android:allowBackup="true"
18-->src\main\AndroidManifest.xml:16:9-35
19        android:appComponentFactory="androidx.core.app.CoreComponentFactory"
19-->[androidx.core:core:1.0.1] AndroidManifest.xml:22:18-86
20        android:debuggable="true"
21        android:icon="@drawable/ic_launcher"
21-->src\main\AndroidManifest.xml:17:9-45
22        android:label="@string/app_name"
22-->src\main\AndroidManifest.xml:18:9-41
23        android:permission="course.examples.permissionexample.BOOM_PERM"
23-->src\main\AndroidManifest.xml:19:9-73
24        android:testOnly="true" >
25        <activity
25-->src\main\AndroidManifest.xml:20:9-33:20
26            android:name="course.examples.permissionexample.boom.BoomActivity"
26-->src\main\AndroidManifest.xml:21:13-41
27            android:label="@string/app_name" >
27-->src\main\AndroidManifest.xml:22:13-45
28            <intent-filter>
28-->src\main\AndroidManifest.xml:23:13-27:29
29                <action android:name="android.intent.action.MAIN" />
29-->src\main\AndroidManifest.xml:24:17-69
29-->src\main\AndroidManifest.xml:24:25-66
30
31                <category android:name="android.intent.category.LAUNCHER" />
31-->src\main\AndroidManifest.xml:26:17-77
31-->src\main\AndroidManifest.xml:26:27-74
32            </intent-filter>
33            <intent-filter>
33-->src\main\AndroidManifest.xml:28:13-32:29
34                <action android:name="course.examples.permissionexample.boom.boom_action" />
34-->src\main\AndroidManifest.xml:29:17-93
34-->src\main\AndroidManifest.xml:29:25-90
35
36                <category android:name="android.intent.category.DEFAULT" />
36-->src\main\AndroidManifest.xml:31:17-76
36-->src\main\AndroidManifest.xml:31:27-73
37            </intent-filter>
38        </activity>
39    </application>
40
41</manifest>